[    0.000000] Initializing cgroup subsys cpuset
[    0.000000] Initializing cgroup subsys cpu
[    0.000000] Initializing cgroup subsys cpuacct
[    0.000000] Linux version 4.4.0-159-generic (buildd@lgw01-amd64-042) (gcc version 5.4.0 20160609 (Ubuntu 5.4.0-6ubuntu1~16.04.10) ) #187-Ubuntu SMP Thu Aug 1 16:28:06 UTC 2019 (Ubuntu 4.4.0-159.187-generic 4.4.185)
[    0.000000] Command line: BOOT_IMAGE=/boot/vmlinuz-4.4.0-159-generic root=LABEL=cloudimg-rootfs ro console=tty1 console=ttyS0
[    0.000000] KERNEL supported cpus:
[    0.000000]   Intel GenuineIntel
[    0.000000]   AMD AuthenticAMD
[    0.000000]   Centaur CentaurHauls
[    0.000000] x86/fpu: xstate_offset[2]:  576, xstate_sizes[2]:  256
[    0.000000] x86/fpu: Supporting XSAVE feature 0x01: 'x87 floating point registers'
[    0.000000] x86/fpu: Supporting XSAVE feature 0x02: 'SSE registers'
[    0.000000] x86/fpu: Supporting XSAVE feature 0x04: 'AVX registers'
[    0.000000] x86/fpu: Enabled xstate features 0x7, context size is 832 bytes, using 'standard' format.
[    0.000000] e820: BIOS-provided physical RAM map:
[    0.000000] BIOS-e820: [mem 0x0000000000000000-0x000000000009fbff] usable
[    0.000000] BIOS-e820: [mem 0x000000000009fc00-0x000000000009ffff] reserved
[    0.000000] BIOS-e820: [mem 0x00000000000f0000-0x00000000000fffff] reserved
[    0.000000] BIOS-e820: [mem 0x0000000000100000-0x000000003ffeffff] usable
[    0.000000] BIOS-e820: [mem 0x000000003fff0000-0x000000003fffffff] ACPI data
[    0.000000] BIOS-e820: [mem 0x00000000fec00000-0x00000000fec00fff] reserved
[    0.000000] BIOS-e820: [mem 0x00000000fee00000-0x00000000fee00fff] reserved
[    0.000000] BIOS-e820: [mem 0x00000000fffc0000-0x00000000ffffffff] reserved
[    0.000000] NX (Execute Disable) protection: active
[    0.000000] SMBIOS 2.5 present.
[    0.000000] Hypervisor detected: KVM
[    0.000000] e820: last_pfn = 0x3fff0 max_arch_pfn = 0x400000000
[    0.000000] MTRR: Disabled
[    0.000000] x86/PAT: MTRRs disabled, skipping PAT initialization too.
[    0.000000] CPU MTRRs all blank - virtualized system.
[    0.000000] x86/PAT: Configuration [0-7]: WB  WT  UC- UC  WB  WT  UC- UC  
[    0.000000] found SMP MP-table at [mem 0x0009fff0-0x0009ffff] mapped at [ffff88000009fff0]
[    0.000000] Scanning 1 areas for low memory corruption
[    0.000000] RAMDISK: [mem 0x362fe000-0x37176fff]
[    0.000000] ACPI: Early table checksum verification disabled
[    0.000000] ACPI: RSDP 0x00000000000E0000 000024 (v02 VBOX  )
[    0.000000] ACPI: XSDT 0x000000003FFF0030 00003C (v01 VBOX   VBOXXSDT 00000001 ASL  00000061)
[    0.000000] ACPI: FACP 0x000000003FFF00F0 0000F4 (v04 VBOX   VBOXFACP 00000001 ASL  00000061)
[    0.000000] ACPI: DSDT 0x000000003FFF0470 0022EA (v02 VBOX   VBOXBIOS 00000002 INTL 20100528)
[    0.000000] ACPI: FACS 0x000000003FFF0200 000040
[    0.000000] ACPI: FACS 0x000000003FFF0200 000040
[    0.000000] ACPI: APIC 0x000000003FFF0240 00005C (v02 VBOX   VBOXAPIC 00000001 ASL  00000061)
[    0.000000] ACPI: SSDT 0x000000003FFF02A0 0001CC (v01 VBOX   VBOXCPUT 00000002 INTL 20100528)
[    0.000000] No NUMA configuration found
[    0.000000] Faking a node at [mem 0x0000000000000000-0x000000003ffeffff]
[    0.000000] NODE_DATA(0) allocated [mem 0x3ffeb000-0x3ffeffff]
[    0.000000] kvm-clock: Using msrs 4b564d01 and 4b564d00
[    0.000000] kvm-clock: cpu 0, msr 0:3ffe3001, primary cpu clock
[    0.000000] kvm-clock: using sched offset of 3488332090 cycles
[    0.000000] clocksource: kvm-clock: mask: 0xffffffffffffffff max_cycles: 0x1cd42e4dffb, max_idle_ns: 881590591483 ns
[    0.000000] Zone ranges:
[    0.000000]   DMA      [mem 0x0000000000001000-0x0000000000ffffff]
[    0.000000]   DMA32    [mem 0x0000000001000000-0x000000003ffeffff]
[    0.000000]   Normal   empty
[    0.000000]   Device   empty
[    0.000000] Movable zone start for each node
[    0.000000] Early memory node ranges
[    0.000000]   node   0: [mem 0x0000000000001000-0x000000000009efff]
[    0.000000]   node   0: [mem 0x0000000000100000-0x000000003ffeffff]
[    0.000000] Initmem setup node 0 [mem 0x0000000000001000-0x000000003ffeffff]
[    0.000000] ACPI: PM-Timer IO Port: 0x4008
[    0.000000] IOAPIC[0]: apic_id 2, version 32, address 0xfec00000, GSI 0-23
[    0.000000] ACPI: INT_SRC_OVR (bus 0 bus_irq 0 global_irq 2 dfl dfl)
[    0.000000] ACPI: INT_SRC_OVR (bus 0 bus_irq 9 global_irq 9 low level)
[    0.000000] Using ACPI (MADT) for SMP configuration information
[    0.000000] smpboot: Allowing 2 CPUs, 0 hotplug CPUs
[    0.000000] PM: Registered nosave memory: [mem 0x00000000-0x00000fff]
[    0.000000] PM: Registered nosave memory: [mem 0x0009f000-0x0009ffff]
[    0.000000] PM: Registered nosave memory: [mem 0x000a0000-0x000effff]
[    0.000000] PM: Registered nosave memory: [mem 0x000f0000-0x000fffff]
[    0.000000] e820: [mem 0x40000000-0xfebfffff] available for PCI devices
[    0.000000] Booting paravirtualized kernel on KVM
[    0.000000] clocksource: refined-jiffies: mask: 0xffffffff max_cycles: 0xffffffff, max_idle_ns: 7645519600211568 ns
[    0.000000] setup_percpu: NR_CPUS:512 nr_cpumask_bits:512 nr_cpu_ids:2 nr_node_ids:1
[    0.000000] PERCPU: Embedded 34 pages/cpu @ffff88003fc00000 s99544 r8192 d31528 u1048576
[    0.000000] Built 1 zonelists in Node order, mobility grouping on.  Total pages: 257912
[    0.000000] Policy zone: DMA32
[    0.000000] Kernel command line: BOOT_IMAGE=/boot/vmlinuz-4.4.0-159-generic root=LABEL=cloudimg-rootfs ro console=tty1 console=ttyS0
[    0.000000] PID hash table entries: 4096 (order: 3, 32768 bytes)
[    0.000000] Memory: 997736K/1048120K available (8618K kernel code, 1335K rwdata, 4032K rodata, 1488K init, 1284K bss, 50384K reserved, 0K cma-reserved)
[    0.000000] SLUB: HWalign=64, Order=0-3, MinObjects=0, CPUs=2, Nodes=1
[    0.000000] Kernel/User page tables isolation: enabled
[    0.000000] Hierarchical RCU implementation.
[    0.000000] 	Build-time adjustment of leaf fanout to 64.
[    0.000000] 	RCU restricting CPUs from NR_CPUS=512 to nr_cpu_ids=2.
[    0.000000] RCU: Adjusting geometry for rcu_fanout_leaf=64, nr_cpu_ids=2
[    0.000000] NR_IRQS:33024 nr_irqs:440 16
[    0.000000] Console: colour VGA+ 80x25
[    0.000000] console [tty1] enabled
[    0.000000] console [ttyS0] enabled
[    0.000000] tsc: Detected 2207.998 MHz processor
[    0.144660] Calibrating delay loop (skipped) preset value.. 4415.99 BogoMIPS (lpj=8831992)
[    0.146445] pid_max: default: 32768 minimum: 301
[    0.147420] ACPI: Core revision 20150930
[    0.148955] ACPI: 2 ACPI AML tables successfully acquired and loaded
[    0.150329] Security Framework initialized
[    0.151216] Yama: becoming mindful.
[    0.152028] AppArmor: AppArmor initialized
[    0.152968] Dentry cache hash table entries: 131072 (order: 8, 1048576 bytes)
[    0.155602] Inode-cache hash table entries: 65536 (order: 7, 524288 bytes)
[    0.157049] Mount-cache hash table entries: 2048 (order: 2, 16384 bytes)
[    0.158420] Mountpoint-cache hash table entries: 2048 (order: 2, 16384 bytes)
[    0.159924] Initializing cgroup subsys io
[    0.160829] Initializing cgroup subsys memory
[    0.161762] Initializing cgroup subsys devices
[    0.162702] Initializing cgroup subsys freezer
[    0.163644] Initializing cgroup subsys net_cls
[    0.164622] Initializing cgroup subsys perf_event
[    0.165607] Initializing cgroup subsys net_prio
[    0.166628] Initializing cgroup subsys hugetlb
[    0.167570] Initializing cgroup subsys pids
[    0.169534] mce: CPU supports 0 MCE banks
[    0.170424] Last level iTLB entries: 4KB 64, 2MB 8, 4MB 8
[    0.171848] Last level dTLB entries: 4KB 64, 2MB 0, 4MB 0, 1GB 4
[    0.173183] Spectre V1 : Mitigation: usercopy/swapgs barriers and __user pointer sanitization
[    0.175026] Spectre V2 : Mitigation: Full generic retpoline
[    0.176163] Spectre V2 : Spectre v2 / SpectreRSB mitigation: Filling RSB on context switch
[    0.177926] Speculative Store Bypass: Vulnerable
[    0.178952] MDS: Mitigation: Clear CPU buffers
[    0.182290] Freeing SMP alternatives memory: 36K
[    0.188474] ftrace: allocating 32318 entries in 127 pages
[    0.237838] smpboot: APIC(0) Converting physical 0 to logical package 0
[    0.239684] smpboot: Max logical packages: 1
[    0.240815] x2apic enabled
[    0.241632] Switched APIC routing to physical x2apic.
[    0.243728] ..TIMER: vector=0x30 apic1=0 pin1=2 apic2=-1 pin2=-1
[    0.352093] smpboot: CPU0: Intel(R) Core(TM) i7-8750H CPU @ 2.20GHz (family: 0x6, model: 0x9e, stepping: 0xa)
[    0.354819] Performance Events: unsupported p6 CPU model 158 no PMU driver, software events only.
[    0.364859] KVM setup paravirtual spinlock
[    0.366701] x86: Booting SMP configuration:
[    0.367598] .... node  #0, CPUs:      #1
[    0.368613] kvm-clock: cpu 1, msr 0:3ffe3041, secondary cpu clock
[    0.370712] mce: CPU supports 0 MCE banks
[    0.373594] x86: Booted up 1 node, 2 CPUs
[    0.374616] smpboot: Total of 2 processors activated (8831.99 BogoMIPS)
[    0.376709] devtmpfs: initialized
[    0.379136] evm: security.selinux
[    0.380322] evm: security.SMACK64
[    0.381168] evm: security.SMACK64EXEC
[    0.382001] evm: security.SMACK64TRANSMUTE
[    0.382896] evm: security.SMACK64MMAP
[    0.383825] evm: security.ima
[    0.384537] evm: security.capability
[    0.385512] clocksource: jiffies: mask: 0xffffffff max_cycles: 0xffffffff, max_idle_ns: 7645041785100000 ns
[    0.387866] futex hash table entries: 512 (order: 3, 32768 bytes)
[    0.389213] pinctrl core: initialized pinctrl subsystem
[    0.390383] RTC time: 18:06:47, date: 08/20/19
[    0.391475] NET: Registered protocol family 16
[    0.404270] cpuidle: using governor ladder
[    0.416152] cpuidle: using governor menu
[    0.417615] PCCT header not found.
[    0.418641] ACPI: bus type PCI registered
[    0.419968] acpiphp: ACPI Hot Plug PCI Controller Driver version: 0.5
[    0.421678] PCI: Using configuration type 1 for base access
[    0.436978] ACPI: Added _OSI(Module Device)
[    0.438649] ACPI: Added _OSI(Processor Device)
[    0.439782] ACPI: Added _OSI(3.0 _SCP Extensions)
[    0.441017] ACPI: Added _OSI(Processor Aggregator Device)
[    0.443272] ACPI: Executed 1 blocks of module-level executable AML code
[    0.446408] ACPI: Interpreter enabled
[    0.447272] ACPI: (supports S0 S5)
[    0.448096] ACPI: Using IOAPIC for interrupt routing
[    0.449404] PCI: Using host bridge windows from ACPI; if necessary, use "pci=nocrs" and report a bug
[    0.455114] ACPI: PCI Root Bridge [PCI0] (domain 0000 [bus 00-ff])
[    0.456778] acpi PNP0A03:00: _OSC: OS supports [ASPM ClockPM Segments MSI]
[    0.458386] acpi PNP0A03:00: _OSC: not requesting OS control; OS requires [ExtendedConfig ASPM ClockPM MSI]
[    0.460862] acpi PNP0A03:00: fail to add MMCONFIG information, can't access extended PCI configuration space under this bridge.
[    0.463771] PCI host bridge to bus 0000:00
[    0.464658] pci_bus 0000:00: root bus resource [io  0x0000-0x0cf7 window]
[    0.466024] pci_bus 0000:00: root bus resource [io  0x0d00-0xffff window]
[    0.467440] pci_bus 0000:00: root bus resource [mem 0x000a0000-0x000bffff window]
[    0.469086] pci_bus 0000:00: root bus resource [mem 0x40000000-0xfdffffff window]
[    0.470766] pci_bus 0000:00: root bus resource [bus 00-ff]
[    0.474472] pci 0000:00:01.1: legacy IDE quirk: reg 0x10: [io  0x01f0-0x01f7]
[    0.476154] pci 0000:00:01.1: legacy IDE quirk: reg 0x14: [io  0x03f6]
[    0.477465] pci 0000:00:01.1: legacy IDE quirk: reg 0x18: [io  0x0170-0x0177]
[    0.478859] pci 0000:00:01.1: legacy IDE quirk: reg 0x1c: [io  0x0376]
[    0.498555] pci 0000:00:07.0: quirk: [io  0x4000-0x403f] claimed by PIIX4 ACPI
[    0.500727] pci 0000:00:07.0: quirk: [io  0x4100-0x410f] claimed by PIIX4 SMB
[    0.506421] ACPI: PCI Interrupt Link [LNKA] (IRQs 5 9 10 *11)
[    0.508761] ACPI: PCI Interrupt Link [LNKB] (IRQs 5 9 *10 11)
[    0.510478] ACPI: PCI Interrupt Link [LNKC] (IRQs 5 *9 10 11)
[    0.511996] ACPI: PCI Interrupt Link [LNKD] (IRQs 5 9 10 *11)
[    0.513977] ACPI: Enabled 2 GPEs in block 00 to 07
[    0.515346] vgaarb: setting as boot device: PCI:0000:00:02.0
[    0.516606] vgaarb: device added: PCI:0000:00:02.0,decodes=io+mem,owns=io+mem,locks=none
[    0.518317] vgaarb: loaded
[    0.518961] vgaarb: bridge control possible 0000:00:02.0
[    0.520543] SCSI subsystem initialized
[    0.521539] ACPI: bus type USB registered
[    0.522454] usbcore: registered new interface driver usbfs
[    0.523642] usbcore: registered new interface driver hub
[    0.525197] usbcore: registered new device driver usb
[    0.526763] PCI: Using ACPI for IRQ routing
[    0.528014] NetLabel: Initializing
[    0.528798] NetLabel:  domain hash size = 128
[    0.529726] NetLabel:  protocols = UNLABELED CIPSOv4
[    0.531921] NetLabel:  unlabeled traffic allowed by default
[    0.533472] amd_nb: Cannot enumerate AMD northbridges
[    0.534585] clocksource: Switched to clocksource kvm-clock
[    0.541941] AppArmor: AppArmor Filesystem Enabled
[    0.543457] pnp: PnP ACPI init
[    0.545098] pnp: PnP ACPI: found 3 devices
[    0.554201] clocksource: acpi_pm: mask: 0xffffff max_cycles: 0xffffff, max_idle_ns: 2085701024 ns
[    0.556554] NET: Registered protocol family 2
[    0.557598] TCP established hash table entries: 8192 (order: 4, 65536 bytes)
[    0.559350] TCP bind hash table entries: 8192 (order: 5, 131072 bytes)
[    0.560663] TCP: Hash tables configured (established 8192 bind 8192)
[    0.561939] UDP hash table entries: 512 (order: 2, 16384 bytes)
[    0.563396] UDP-Lite hash table entries: 512 (order: 2, 16384 bytes)
[    0.565036] NET: Registered protocol family 1
[    0.565974] pci 0000:00:00.0: Limiting direct PCI/PCI transfers
[    0.567229] pci 0000:00:01.0: Activating ISA DMA hang workarounds
[    0.568588] Unpacking initramfs...
[    0.741166] Freeing initrd memory: 14820K
[    0.742514] clocksource: tsc: mask: 0xffffffffffffffff max_cycles: 0x1fd3b6211b4, max_idle_ns: 440795230313 ns
[    0.745130] platform rtc_cmos: registered platform RTC device (no PNP device found)
[    0.746734] Scanning for low memory corruption every 60 seconds
[    0.748262] audit: initializing netlink subsys (disabled)
[    0.749748] audit: type=2000 audit(1566324413.166:1): initialized
[    0.751432] Initialise system trusted keyring
[    0.752632] HugeTLB registered 2 MB page size, pre-allocated 0 pages
[    0.754804] zbud: loaded
[    0.755725] VFS: Disk quotas dquot_6.6.0
[    0.756585] VFS: Dquot-cache hash table entries: 512 (order 0, 4096 bytes)
[    0.758068] squashfs: version 4.0 (2009/01/31) Phillip Lougher
[    0.759737] fuse init (API version 7.23)
[    0.760773] Key type big_key registered
[    0.762043] Allocating IMA MOK and blacklist keyrings.
[    0.764238] Key type asymmetric registered
[    0.765142] Asymmetric key parser 'x509' registered
[    0.766196] Block layer SCSI generic (bsg) driver version 0.4 loaded (major 249)
[    0.767913] io scheduler noop registered
[    0.769119] io scheduler deadline registered (default)
[    0.770219] io scheduler cfq registered
[    0.771379] pci_hotplug: PCI Hot Plug PCI Core version: 0.5
[    0.772920] pciehp: PCI Express Hot Plug Controller Driver version: 0.4
[    0.774471] ACPI: AC Adapter [AC] (off-line)
[    0.775481] input: Power Button as /devices/LNXSYSTM:00/LNXPWRBN:00/input/input0
[    0.777090] ACPI: Power Button [PWRF]
[    0.777977] input: Sleep Button as /devices/LNXSYSTM:00/LNXSLPBN:00/input/input1
[    0.779618] ACPI: Sleep Button [SLPF]
[    0.780609] GHES: HEST is not enabled!
[    0.781467] ACPI: Battery Slot [BAT0] (battery present)
[    0.782674] Serial: 8250/16550 driver, 32 ports, IRQ sharing enabled
[    0.804543] 00:02: ttyS0 at I/O 0x3f8 (irq = 4, base_baud = 115200) is a 16550A
[    0.808199] Linux agpgart interface v0.103
[    0.810435] loop: module loaded
[    0.811655] scsi host0: ata_piix
[    0.812762] scsi host1: ata_piix
[    0.813554] ata1: PATA max UDMA/33 cmd 0x1f0 ctl 0x3f6 bmdma 0xd000 irq 14
[    0.814947] ata2: PATA max UDMA/33 cmd 0x170 ctl 0x376 bmdma 0xd008 irq 15
[    0.816355] libphy: Fixed MDIO Bus: probed
[    0.817331] tun: Universal TUN/TAP device driver, 1.6
[    0.818853] tun: (C) 1999-2004 Max Krasnyansky <maxk@qualcomm.com>
[    0.820484] PPP generic driver version 2.4.2
[    0.821480] ehci_hcd: USB 2.0 'Enhanced' Host Controller (EHCI) Driver
[    0.822781] ehci-pci: EHCI PCI platform driver
[    0.823730] ehci-platform: EHCI generic platform driver
[    0.824803] ohci_hcd: USB 1.1 'Open' Host Controller (OHCI) Driver
[    0.826031] ohci-pci: OHCI PCI platform driver
[    0.827124] ohci-platform: OHCI generic platform driver
[    0.828532] uhci_hcd: USB Universal Host Controller Interface driver
[    0.829821] i8042: PNP: PS/2 Controller [PNP0303:PS2K,PNP0f03:PS2M] at 0x60,0x64 irq 1,12
[    0.831941] serio: i8042 KBD port at 0x60,0x64 irq 1
[    0.832966] serio: i8042 AUX port at 0x60,0x64 irq 12
[    0.834257] mousedev: PS/2 mouse device common for all mice
[    0.835784] input: AT Translated Set 2 keyboard as /devices/platform/i8042/serio0/input/input2
[    0.838714] rtc_cmos rtc_cmos: rtc core: registered rtc_cmos as rtc0
[    0.840287] rtc_cmos rtc_cmos: alarms up to one day, 114 bytes nvram
[    0.841572] i2c /dev entries driver
[    0.842427] device-mapper: uevent: version 1.0.3
[    0.843712] device-mapper: ioctl: 4.34.0-ioctl (2015-10-28) initialised: dm-devel@redhat.com
[    0.845494] ledtrig-cpu: registered to indicate activity on CPUs
[    0.847314] NET: Registered protocol family 10
[    0.848428] NET: Registered protocol family 17
[    0.849386] Key type dns_resolver registered
[    0.850736] registered taskstats version 1
[    0.851638] Loading compiled-in X.509 certificates
[    0.853089] Loaded X.509 cert 'Build time autogenerated kernel key: d14182f9795b80ec340f636a5a08bf5817ccd8e7'
[    0.855141] zswap: loaded using pool lzo/zbud
[    0.857478] Key type trusted registered
[    0.861221] Key type encrypted registered
[    0.862107] AppArmor: AppArmor sha1 policy hashing enabled
[    0.863365] ima: No TPM chip found, activating TPM-bypass!
[    0.864484] ima: Allocated hash algorithm: sha1
[    0.865445] evm: HMAC attrs: 0x1
[    0.866481]   Magic number: 15:489:140
[    0.867464] rtc_cmos rtc_cmos: setting system clock to 2019-08-20 18:06:48 UTC (1566324408)
[    0.869294] BIOS EDD facility v0.16 2004-Jun-25, 0 devices found
[    0.870490] EDD information not available.
[    0.971525] Freeing unused kernel memory: 1488K
[    0.972536] Write protecting the kernel read-only data: 14336k
[    0.974129] Freeing unused kernel memory: 1608K
[    0.975265] Freeing unused kernel memory: 64K
Loading, please wait...
starting version 229
[    0.986109] random: systemd-udevd: uninitialized urandom read (16 bytes read, 3 bits of entropy available)
[    0.986634] random: udevadm: uninitialized urandom read (16 bytes read, 3 bits of entropy available)
[    0.986649] random: udevadm: uninitialized urandom read (16 bytes read, 3 bits of entropy available)
[    0.992120] random: udevadm: uninitialized urandom read (16 bytes read, 3 bits of entropy available)
[    0.992156] random: udevadm: uninitialized urandom read (16 bytes read, 3 bits of entropy available)
[    0.992250] random: udevadm: uninitialized urandom read (16 bytes read, 3 bits of entropy available)
[    0.992284] random: udevadm: uninitialized urandom read (16 bytes read, 3 bits of entropy available)
[    0.992318] random: udevadm: uninitialized urandom read (16 bytes read, 3 bits of entropy available)
[    0.992352] random: udevadm: uninitialized urandom read (16 bytes read, 3 bits of entropy available)
[    0.992386] random: udevadm: uninitialized urandom read (16 bytes read, 3 bits of entropy available)
[    1.026098] e1000: Intel(R) PRO/1000 Network Driver - version 7.3.21-k8-NAPI
[    1.028343] e1000: Copyright (c) 1999-2006 Intel Corporation.
[    1.029645] Fusion MPT base driver 3.04.20
[    1.030596] Copyright (c) 1999-2008 LSI Corporation
[    1.035345] Fusion MPT SPI Host driver 3.04.20
[    1.046763] AVX2 version of gcm_enc/dec engaged.
[    1.048138] AES CTR mode by8 optimization enabled
[    1.235611] input: ImExPS/2 Generic Explorer Mouse as /devices/platform/i8042/serio1/input/input4
[    1.413203] e1000 0000:00:03.0 eth0: (PCI:33MHz:32-bit) 02:42:45:d1:d3:36
[    1.415346] e1000 0000:00:03.0 eth0: Intel(R) PRO/1000 Network Connection
[    1.417968] mptbase: ioc0: Initiating bringup
[    1.419746] e1000 0000:00:03.0 enp0s3: renamed from eth0
[    1.486804] ioc0: LSI53C1030 A0: Capabilities={Initiator}
[    1.650366] scsi host2: ioc0: LSI53C1030 A0, FwRev=00000000h, Ports=1, MaxQ=256, IRQ=20
[    1.763211] scsi 2:0:0:0: Direct-Access     VBOX     HARDDISK         1.0  PQ: 0 ANSI: 5
[    1.765695] scsi target2:0:0: Beginning Domain Validation
[    1.768569] scsi target2:0:0: Domain Validation skipping write tests
[    1.769917] scsi target2:0:0: Ending Domain Validation
[    1.771241] scsi target2:0:0: asynchronous
[    1.772848] scsi 2:0:1:0: Direct-Access     VBOX     HARDDISK         1.0  PQ: 0 ANSI: 5
[    1.774518] scsi target2:0:1: Beginning Domain Validation
[    1.776970] scsi target2:0:1: Domain Validation skipping write tests
[    1.778336] scsi target2:0:1: Ending Domain Validation
[    1.779686] scsi target2:0:1: asynchronous
[    1.792515] sd 2:0:0:0: Attached scsi generic sg0 type 0
[    1.793831] sd 2:0:0:0: [sda] 20971520 512-byte logical blocks: (10.7 GB/10.0 GiB)
[    1.795747] sd 2:0:1:0: [sdb] 20480 512-byte logical blocks: (10.5 MB/10.0 MiB)
[    1.797325] sd 2:0:1:0: Attached scsi generic sg1 type 0
[    1.799011] sd 2:0:1:0: [sdb] Write Protect is off
[    1.800394] sd 2:0:0:0: [sda] Write Protect is off
[    1.801527] sd 2:0:1:0: [sdb] Incomplete mode parameter data
[    1.803217] sd 2:0:1:0: [sdb] Assuming drive cache: write through
[    1.805389] sd 2:0:0:0: [sda] Incomplete mode parameter data
[    1.806617] sd 2:0:0:0: [sda] Assuming drive cache: write through
[    1.810421]  sda: sda1
[    1.812378] sd 2:0:1:0: [sdb] Attached SCSI disk
[    1.813854] sd 2:0:0:0: [sda] Attached SCSI disk
Begin: Loading essential drivers ... [    3.081198] md: linear personality registered for level -1
[    3.084394] md: multipath personality registered for level -4
[    3.087863] md: raid0 personality registered for level 0
[    3.091697] md: raid1 personality registered for level 1
[    3.162638] raid6: sse2x1   gen() 13129 MB/s
[    3.230799] raid6: sse2x1   xor() 10066 MB/s
[    3.298617] raid6: sse2x2   gen() 16115 MB/s
[    3.366836] raid6: sse2x2   xor() 11397 MB/s
[    3.434812] raid6: sse2x4   gen() 18727 MB/s
[    3.502705] raid6: sse2x4   xor() 12471 MB/s
[    3.570614] raid6: avx2x1   gen() 26863 MB/s
[    3.638594] raid6: avx2x2   gen() 30597 MB/s
[    3.706794] raid6: avx2x4   gen() 33167 MB/s
[    3.708261] raid6: using algorithm avx2x4 gen() 33167 MB/s
[    3.709907] raid6: using avx2x2 recovery algorithm
[    3.712009] xor: automatically using best checksumming function:
[    3.752283]    avx       : 38230.000 MB/sec
[    3.754690] async_tx: api initialized (async)
[    3.763723] md: raid6 personality registered for level 6
[    3.765241] md: raid5 personality registered for level 5
[    3.766330] md: raid4 personality registered for level 4
[    3.773256] md: raid10 personality registered for level 10
done.
Begin: Running /scripts/init-premount ... done.
Begin: Mounting root file system ... Begin: Running /scripts/local-top ... done.
Begin: Running /scripts/local-premount ... [    3.798019] Btrfs loaded
Scanning for Btrfs filesystems
done.
Warning: fsck not present, so skipping root file system
[    3.820982] EXT4-fs (sda1): mounted filesystem with ordered data mode. Opts: (null)
done.
Begin: Running /scripts/local-bottom ... done.
Begin: Running /scripts/init-bottom ... done.
[    3.897848] systemd[1]: systemd 229 running in system mode. (+PAM +AUDIT +SELINUX +IMA +APPARMOR +SMACK +SYSVINIT +UTMP +LIBCRYPTSETUP +GCRYPT +GNUTLS +ACL +XZ -LZ4 +SECCOMP +BLKID +ELFUTILS +KMOD -IDN)
[    3.901494] systemd[1]: Detected virtualization oracle.
[    3.902959] systemd[1]: Detected architecture x86-64.

Welcome to [1mUbuntu 16.04.6 LTS[0m!

[    3.919601] systemd[1]: Set hostname to <ubuntu>.
[    3.924623] systemd[1]: Initializing machine ID from random generator.
[    3.926064] systemd[1]: Installed transient /etc/machine-id file.
[    4.432319] systemd[1]: Set up automount Arbitrary Executable File Formats File System Automount Point.
[[0;32m  OK  [0m] Set up automount Arbitrary Executab...ats File System Automount Point.
[    4.435955] systemd[1]: Started Forward Password Requests to Wall Directory Watch.
[[0;32m  OK  [0m] Started Forward Password Requests to Wall Directory Watch.
[    4.438976] systemd[1]: Listening on /dev/initctl Compatibility Named Pipe.
[[0;32m  OK  [0m] Listening on /dev/initctl Compatibility Named Pipe.
[    4.441885] systemd[1]: Created slice System Slice.
[[0;32m  OK  [0m] Created slice System Slice.
[    4.444139] systemd[1]: Created slice system-serial\x2dgetty.slice.
[[0;32m  OK  [0m] Created slice system-serial\x2dgetty.slice.
[    4.446665] systemd[1]: Listening on udev Control Socket.
[[0;32m  OK  [0m] Listening on udev Control Socket.
[    4.449028] systemd[1]: Created slice User and Session Slice.
[[0;32m  OK  [0m] Created slice User and Session Slice.
[    4.451372] systemd[1]: Listening on Journal Socket (/dev/log).
[[0;32m  OK  [0m] Listening on Journal Socket (/dev/log).
[    4.453794] systemd[1]: Started Trigger resolvconf update for networkd DNS.
[[0;32m  OK  [0m] Started Trigger resolvconf update for networkd DNS.
[    4.456555] systemd[1]: Listening on Device-mapper event daemon FIFOs.
[[0;32m  OK  [0m] Listening on Device-mapper event daemon FIFOs.
[    4.459149] systemd[1]: Reached target Slices.
[[0;32m  OK  [0m] Reached target Slices.
[    4.461067] systemd[1]: Reached target User and Group Name Lookups.
[[0;32m  OK  [0m] Reached target User and Group Name Lookups.
[    4.463886] systemd[1]: Listening on LVM2 poll daemon socket.
[[0;32m  OK  [0m] Listening on LVM2 poll daemon socket.
[    4.466258] systemd[1]: Listening on Journal Socket.
[[0;32m  OK  [0m] Listening on Journal Socket.
[    4.479487] systemd[1]: Mounting POSIX Message Queue File System...
         Mounting POSIX Message Queue File System...
[    4.484466] systemd[1]: Starting Create list of required static device nodes for the current kernel...
         Starting Create list of required st... nodes for the current kernel...
[    4.488779] systemd[1]: Starting Remount Root and Kernel File Systems...
         Starting Remount Root and Kernel File Systems...
[    4.492088] systemd[1]: Starting Nameserver information manager...
         [    4.493740] EXT4-fs (sda1): re-mounted. Opts: (null)
Starting Nameserver information manager...
[    4.497501] systemd[1]: Starting Load Kernel Modules...
         Starting Load Kernel Modules...
[    4.504741] Loading iSCSI transport class v2.0-870.
[    4.507266] systemd[1]: Starting Uncomplicated firewall...
         Starting Uncomplicated firewall...
[    4.509978] systemd[1]: Mounting Debug File System...
         Mounting Debug File System...
[    4.513161] systemd[1]: Listening on Journal Audit Socket.
[[0;32m  OK  [0[    4.516477] iscsi: registered transport (tcp)
m] Listening on Journal Audit Socket.
[    4.517846] systemd[1]: Listening on Syslog Socket.
[[0;32m  OK  [0m] Listening on Syslog Socket.
[    4.526776] systemd[1]: Reached target Encrypted Volumes.
[[0;32m  OK  [0m] Reached target Encrypted Volumes.
[    4.540111] iscsi: registered transport (iser)
[    4.543028] systemd[1]: Starting Set console keymap...
         Starting Set console keymap...
[    4.550981] systemd[1]: Listening on LVM2 metadata daemon socket.
[[0;32m  OK  [0m] Listening on LVM2 metadata daemon socket.
[    4.575332] systemd[1]: Starting Monitoring of LVM2 mirrors, snapshots etc. using dmeventd or progress polling...
         Starting Monitoring of LVM2 mirrors... dmeventd or progress polling...
[    4.591974] systemd[1]: Mounting Huge Pages File System...
         Mounting Huge Pages File System...
[    4.595703] systemd[1]: Starting Journal Service...
         Starting Journal Service...
[    4.611264] systemd[1]: Reached target Swap.
[[0;32m  OK  [0m] Reached target Swap.
[    4.623695] systemd[1]: Reached target System Time Synchronized.
[[0;32m  OK  [0m] Reached target System Time Synchronized.
[    4.629767] systemd[1]: Listening on udev Kernel Socket.
[[0;32m  OK  [0m] Listening on udev Kernel Socket.
[    4.644466] systemd[1]: Mounted POSIX Message Queue File System.
[[0;32m  OK  [0m] Mounted POSIX Message Queue File System.
[    4.648605] systemd[1]: Mounted Debug File System.
[[0;32m  OK  [0m] Mounted Debug File System.
[    4.651946] systemd[1]: Mounted Huge Pages File System.
[[0;32m  OK  [0m] Mounted Huge Pages File System.
[    4.654755] systemd[1]: Started Journal Service.
[[0;32m  OK  [0m] Started Journal Service.
[[0;32m  OK  [0m] Started Create list of required sta...ce nodes for the current kernel.
[[0;32m  OK  [0m] Started Remount Root and Kernel File Systems.
[[0;32m  OK  [0m] Started Load Kernel Modules.
[[0;32m  OK  [0m] Started Uncomplicated firewall.
[[0;32m  OK  [0m] Started Set console keymap.
[[0;32m  OK  [0m] Started Nameserver information manager.
[[0;32m  OK  [0m] Started LVM2 metadata daemon.
         Starting Apply Kernel Variables...
         Mounting FUSE Control File System...
         Starting Load/Save Random Seed...
         Starting udev Coldplug all Devices...
         Starting Create Static Device Nodes in /dev...
         Starting Flush Journal to Persistent Storage...
[[0;32m  OK  [0m] Mounted FUSE Control File System.
[[0;32m  OK  [0m] Started Apply Kernel Variables.
[[0;32m  OK  [0m] Started Load/Save Random Seed.
[[0;32m  OK  [0m] Started Create Static Device Nodes in /dev.
         Starting udev Kernel Device Manager...
[[0;32m  OK  [0m] Started udev Coldplug all Devices.
[[0;32m  OK  [0m] Started Flush Journal to Persistent Storage.
[[0;32m  OK  [0m] Started udev Kernel Device Manager.
[[0;32m  OK  [0m] Started Dispatch Password Requests to Console Directory Watch.
[[0;32m  OK  [0m] Found device /dev/ttyS0.
[[0;32m  OK  [0m] Listening on Load/Save RF Kill Switch Status /dev/rfkill Watch.
[[0;32m  OK  [0m] Started Monitoring of LVM2 mirrors,...ng dmeventd or progress polling.
[[0;32m  OK  [0m] Reached target Local File Systems (Pre).
[[0;32m  OK  [0m] Reached target Local File Systems.
         Starting Commit a transient machine-id on disk...
         Starting Initial cloud-init job (pre-networking)...
         Starting Set console font and keymap...
         Starting LSB: AppArmor initialization...
         Starting Create Volatile Files and Directories...
         Starting Tell Plymouth To Write Out Runtime Data...
[[0;32m  OK  [0m] Started Create Volatile Files and Directories.
         Starting Update UTMP about System Boot/Shutdown...
[[0;32m  OK  [0m] Started Tell Plymouth To Write Out Runtime Data.
[[0;32m  OK  [0m] Started Update UTMP about System Boot/Shutdown.
[[0;32m  OK  [0m] Started Commit a transient machine-id on disk.
[[0;32m  OK  [0m] Started Set console font and keymap.
[[0;32m  OK  [0m] Created slice system-getty.slice.
[[0;32m  OK  [0m] Started LSB: AppArmor initialization.
[    5.727759] cloud-init[611]: Cloud-init v. 19.1-1-gbaa47854-0ubuntu1~16.04.1 running 'init-local' at Tue, 20 Aug 2019 18:06:53 +0000. Up 5.51 seconds.
[[0;32m  OK  [0m] Started Initial cloud-init job (pre-networking).
[[0;32m  OK  [0m] Reached target Network (Pre).
         Starting Raise network interfaces...
[[0;32m  OK  [0m] Started Raise network interfaces.
[[0;32m  OK  [0m] Reached target Network.
         Starting Initial cloud-init job (metadata service crawler)...
[    6.482225] cloud-init[943]: Cloud-init v. 19.1-1-gbaa47854-0ubuntu1~16.04.1 running 'init' at Tue, 20 Aug 2019 18:06:54 +0000. Up 6.15 seconds.
[    6.488386] cloud-init[943]: ci-info: ++++++++++++++++++++++++++++++++++++++Net device info++++++++++++++++++++++++++++++++++++++
[    6.496654] cloud-init[943]: ci-info: +--------+------+----------------------------+---------------+--------+-------------------+
[    6.498112] cloud-init[943]: ci-info: | Device |  Up  |          Address           |      Mask     | Scope  |     Hw-Address    |
[    6.506006] cloud-init[943]: ci-info: +--------+------+----------------------------+---------------+--------+-------------------+
[    6.507468] cloud-init[943]: ci-info: | enp0s3 | True |         10.0.2.15          | 255.255.255.0 | global | 02:42:45:d1:d3:36 |
[    6.508825] cloud-init[943]: ci-info: | enp0s3 | True | fe80::42:45ff:fed1:d336/64 |       .       |  link  | 02:42:45:d1:d3:36 |
[    6.516289] cloud-init[943]: ci-info: |   lo   | True |         127.0.0.1          |   255.0.0.0   |  host  |         .         |
[[0;32m  OK  [0m] Started Initial cloud-init job (metadata service crawler).
[    6.516514] cloud-init[943]: ci-info: |   lo   | True |          ::1/128           |       .       |  host  |         .         |
[    6.532873] cloud-init[943]: ci-info: +--------+------+----------------------------+---------------+--------+-------------------+
[    6.533172] cloud-init[943]: ci-info: +++++++++++++++++++++++++++Route IPv4 info++++++++++++++++++++++++++++
[[0;32m  OK  [0m] Reached target Network is Online.
[    6.533268] cloud-init[943]: ci-info: +-------+-------------+----------+---------------+-----------+-------+
[    6.536962] cloud-init[943]: ci-info: | Route | Destination | Gateway  |    Genmask    | Interface | Flags |
[    6.538466] cloud-init[943]: ci-info: +-------+-------------+----------+---------------+-----------+-------+
[    6.544549] cloud-init[943]: ci-info: |   0   |   0.0.0.0   | 10.0.2.2 |    0.0.0.0    |   enp0s3  |   UG  |
[    6.552849] cloud-init[943]: ci-info: |   1   |   10.0.2.0  | 0.0.0.0  | 255.255.255.0 |   enp0s3  |   U   |
[    6.553072]          cloud-initStarting iSCSI initiator daemon (iscsid)...[943]: 
ci-info: +-------+-------------+----------+---------------+-----------+-------+
[    6.555775] cloud-init[943]: ci-info: +++++++++++++++++++Route IPv6 info+++++++++++++++++++
[[0;32m  OK  [0m] Reached target System Initialization.
[    6.556187] cloud-init[943]: ci-info: +-------+-------------+---------+-----------+-------+
[    6.559178] cloud-init[943]: ci-info: | Route | Destination | Gateway | Interface | Flags |
[    6.560539] cloud-init[943]: ci-info: +-------+-------------+---------+-----------+-------+
[[0;32m  OK  [0m] Started ACPI Events Check.
[[0;32m  OK  [0m] Reached target Paths.
[[0;32m  OK  [0m[    6.564355] ] cloud-initListening on UUID daemon activation socket.[943]: 
ci-info: |   0   |  fe80::/64  |    ::   |   enp0s3  |   U   |
[    6.566700] cloud-init[943]: ci-info: |   3   |   ff00::/8  |    ::   |   enp0s3  |   U   |
[    6.568241] cloud-init[943]: ci-info: +-------+-------------+---------+-----------+-------+
[    6.569647] cloud-init[943]: Generating public/private rsa key pair.
[    6.569868] cloud-init[943]: Your identification has been saved in /etc/ssh/ssh_host_rsa_key.
         Starting LXD - unix socket.
[[    6.570179] cloud-init[943]: Your public key has been saved in /etc/ssh/ssh_host_rsa_key.pub.
[    6.573461] cloud-init[943]: The key fingerprint is:
[    6.574168] cloud-init[943]: SHA256:+HBSJ0fuw1xAqECZHcAZeNTjoslUqBaPJIG5F+eJmwA root@ubuntu-xenial
[0;32m  OK  [0m] Listening on ACPID Listen Socket.
         Starting Socket activation for snappy daemon.
[    6.574765] cloud-init[943]: The key's randomart image is:
[    6.584976] cloud-init[943]: +---[RSA 2048]----+
[    6.585358] cloud-init[943]: |oo *=O.. o+      |
[[0;32m  OK  [0m] Started Daily apt download activities.
[[    6.585552] [0;32m  OK  [0mcloud-init] [943]: Started Daily apt upgrade and clean activities.|Eo+ X + .o .     |

[    6.601186] cloud-init[943]: |+o+B + oo + .    |
[    6.601798] cloud-init[943]: |+o+.+ oo B .     |
[    6.601919] cloud-init[943]: |.= = .+ S =      |
[[0;32m  OK  [0m] Started Daily Cleanup of Temporary Directories.
[[    6.602228] [0;32m  OK  [0mcloud-init] [943]: Reached target Timers.|  *    =   .     |

[    6.612860] cloud-init[943]: |        .        |
[    6.613301] cloud-init[943]: |                 |
[[0;32m  OK  [0m] Listening on D-Bus System Message Bus Socket.
[[    6.613524] [0;32m  OK  [0mcloud-init] [943]: Reached target Cloud-config availability.|                 |

[    6.623087] cloud-init[943]: +----[SHA256]-----+
[    6.624151] cloud-init[943]: Generating public/private dsa key pair.
[    6.625116] cloud-init[943]: Your identification has been saved in /etc/ssh/ssh_host_dsa_key.
[    6.626405] cloud-init[943]: Your public key has been saved in /etc/ssh/ssh_host_dsa_key.pub.
[    6.628368] cloud-init[943]: The key fingerprint is:
[    6.629650] cloud-init[943]: SHA256:yNwdIY99TzoDGgl8wkCzeswLKRRRYc/wlUX/o6DC4yg root@ubuntu-xenial
[    6.631600] cloud-init[943]: The key's randomart image is:
[    6.632945] cloud-init[943]: +---[DSA 1024]----+
[    6.633193] cloud-init[943]: | oo*=+..=o.      |
[    6.633895] cloud-init[943]: |  o =o=o.*..     |
[    6.634578] cloud-init[943]: | .  .+ o+ =.. .  |
[    6.635263] cloud-init[943]: |.  = o o + +.+   |
[    6.635936] cloud-init[943]: |. + + + S.. +o.  |
[    6.636641] cloud-init[943]: | . o..  . . .o.  |
[    6.636844] cloud-init[943]: |    .+ .   .     |
[[0;32m  OK  [0m] Listening on LXD - unix socket.
[    6.636968] cloud-init[943]: | E  o o          |
[    6.640361] cloud-init[943]: |  .. .           |
[    6.648738] cloud-init[943]: +----[SHA256]-----+
[    6.648979] cloud-init[943]: Generating public/private ecdsa key pair.
[[0;32m  OK  [0m] Listening on Socket activation for snappy daemon.
[[    6.649034] [0;32m  OK  [0mcloud-init] [943]: Started iSCSI initiator daemon (iscsid).Your identification has been saved in /etc/ssh/ssh_host_ecdsa_key.

[    6.659606] cloud-init[943]: Your public key has been saved in /etc/ssh/ssh_host_ecdsa_key.pub.
[    6.660964] cloud-init[943]: The key fingerprint is:
[    6.663192] cloud-init[943]: SHA256:oDxs3bq/V5Ta5qmM0faqanlF00932+ydMZE5MnW/Inw root@ubuntu-xenial
[    6.664353] cloud-init[943]: The key's randomart image is:
[    6.665264] cloud-init[943]: +---[ECDSA 256]---+
[    6.672315] cloud-init[943]: |                 |
[    6.673415] cloud-init[943]: |               ..|
[    6.681178] cloud-init[943]: |      .    . .. =|
[    6.688991]          cloud-initStarting Login to default iSCSI targets...[943]: 
|   o o o  o +o.=+|
[    6.697054] [[0;32m  OK  [0m] Reached target Sockets.
[[0;32m  OK  [0m] Reached target Basic System.
cloud-init[943]: |    * . S..= oooB|
[    6.704322] cloud-init         [943]: Starting Login Service...|   . . . .oo+E.=o|

[    6.712242] [cloud-init[0;32m  OK  [0m[943]: ] |      ....o+o...=|Started Regular background program processing daemon.

[    6.714272] [[0;32m  OK  [0m] Started FUSE filesystem for LXC.
         Starting LSB: MD monitoring daemon...
         Starting Snappy daemon...
         Starting Virtualbox guest utils...
[[0;32m  OK  [0m] Started D-Bus System Message Bus.
cloud-init[943]: |      o..=..o  .o|
[    6.720025] cloud-init[943]: |     .o+=++o.    |
[    6.728349] cloud-init[943]: +----[SHA256]-----+
[    6.729644] cloud-init[943]: Generating public/private ed25519 key pair.
[    6.736399] cloud-init[943]: Your identification has been saved in /etc/ssh/ssh_host_ed25519_key.
[    6.738723] cloud-init[943]: Your public key has been saved in /etc/ssh/ssh_host_ed25519_key.pub.
[    6.741313] cloud-init[943]: The key fingerprint is:
[    6.742633] cloud-init[943]: SHA256:x1xckb6ny/CAzeDH960kwlfgthnQ3HwksBW/vSMJY+s root@ubuntu-xenial
[    6.744748] cloud-init[943]: The key's randomart image is:
[    6.746007] cloud-init[943]: +--[ED25519 256]--+
[    6.748225] cloud-init[943]: |            ..*+.|
[    6.750621] cloud-init[943]: |           + *.+ |
[    6.751793] cloud-init[943]: |          . B.o o|
[    6.752678] cloud-init[943]: |         o + ...o|
[    6.755428] cloud-init         Starting Pollinate to seed the pseudo random number generator...
         Starting System Logging Service...
         Starting /etc/rc.local Compatibility...
         Starting LSB: Record successful boot for GRUB...
[[0;32m  OK  [0m] Started Deferred execution scheduler.
[943]: |        S =++ .o.|[[0;32m  OK  [0m] Started ACPI event daemon.
         Starting Accounts Service...
         Starting LXD - container startup/shutdown...

[[0;32m  OK  [0m] Started /etc/rc.local Compatibility.
[    6.789593] cloud-init[943]: |         +.B+=o o|
[    6.798633] cloud-init[943]: |          =.%oo= |
[    6.800344] cloud-init[943]: |          .+ Oo.o|
[[0;32m  OK  [0m] Started System Logging Service.
[[0;32m  OK  [0m] Started Login to default iSCSI targets.
[    6.819197] cloud-init[943]: |           E  =oo|
[[0;32m  OK  [0m] Reached target Remote File Systems (Pre).
[[0;32m  OK  [0m] Reached target Remote File Systems.
[    6.849712] cloud-init[943]: +----[SHA256]-----+
         Starting Permit User Sessions...
         Starting LSB: automatic crash report generation...
         Starting LSB: Set the CPU Frequency Scaling governor to "ondemand"...
         Starting LSB: daemon to balance interrupts for SMP systems...
[[0;32m  OK  [0m] Started LSB: MD monitoring daemon.
[[0;32m  OK  [0m] Started LSB: Record successful boot for GRUB.
[[0;32m  OK  [0m] Started Login Service.
[[0;32m  OK  [0m] Started Permit User Sessions.
[[0;32m  OK  [0m] Started LXD - container startup/shutdown.
         Starting Authenticate and Authorize Users to Run Privileged Tasks...
         Starting Hold until boot process finishes up...
         Starting Terminate Plymouth Boot Screen...
[[0;32m  OK  [0m] Started Unattended Upgrades Shutdown.
[[0;32m  OK  [0m] Started LSB: daemon to balance interrupts for SMP systems.
[[0;32m  OK  [0m] Started Hold until boot process finishes up.
[[0;32m  OK  [0m] Started Terminate Plymouth Boot Screen.
[[0;32m  OK  [0m] Started Getty on tty1.
[[0;32m  OK  [0m] Started Serial Getty on ttyS0.
[[0;32m  OK  [0m] Reached target Login Prompts.
         Starting Set console scheme...
[[0;32m  OK  [0m] Started Snappy daemon.
[[0;32m  OK  [0m] Started Virtualbox guest utils.
[[0;32m  OK  [0m] Started LSB: automatic crash report generation.
[[0;32m  OK  [0m] Started LSB: Set the CPU Frequency Scaling governor to "ondemand".
[[0;32m  OK  [0m] Started Set console scheme.
[[0;32m  OK  [0m] Started Authenticate and Authorize Users to Run Privileged Tasks.
[[0;32m  OK  [0m] Started Accounts Service.
         Starting Wait until snapd is fully seeded...
[[0;32m  OK  [0m] Started Pollinate to seed the pseudo random number generator.
         Starting OpenBSD Secure Shell server...
[[0;32m  OK  [0m] Started OpenBSD Secure Shell server.
[[0;32m  OK  [0m] Started Wait until snapd is fully seeded.
[[0;32m  OK  [0m] Reached target Multi-User System.
[[0;32m  OK  [0m] Reached target Graphical Interface.
         Starting Update UTMP about System Runlevel Changes...
         Starting Apply the settings specified in cloud-config...
[[0;32m  OK  [0m] Started Update UTMP about System Runlevel Changes.
[    9.837012] cloud-init[1302]: Generating locales (this might take a while)...
[   10.413854] cloud-init[1302]:   en_US.UTF-8... done
[   10.420629] cloud-init[1302]: Generation complete.
[   10.638453] cloud-init[1302]: Cloud-init v. 19.1-1-gbaa47854-0ubuntu1~16.04.1 running 'modules:config' at Tue, 20 Aug 2019 18:06:57 +0000. Up 9.77 seconds.
[[0;32m  OK  [0m] Started Apply the settings specified in cloud-config.
         Starting Execute cloud user/final scripts...
ci-info: no authorized ssh keys fingerprints found for user ubuntu.
<14>Aug 20 18:06:58 ec2: 
<14>Aug 20 18:06:58 ec2: #############################################################
<14>Aug 20 18:06:58 ec2: -----BEGIN SSH HOST KEY FINGERPRINTS-----
<14>Aug 20 18:06:58 ec2: 1024 SHA256:yNwdIY99TzoDGgl8wkCzeswLKRRRYc/wlUX/o6DC4yg root@ubuntu-xenial (DSA)
<14>Aug 20 18:06:58 ec2: 256 SHA256:oDxs3bq/V5Ta5qmM0faqanlF00932+ydMZE5MnW/Inw root@ubuntu-xenial (ECDSA)
<14>Aug 20 18:06:58 ec2: 256 SHA256:x1xckb6ny/CAzeDH960kwlfgthnQ3HwksBW/vSMJY+s root@ubuntu-xenial (ED25519)
<14>Aug 20 18:06:58 ec2: 2048 SHA256:+HBSJ0fuw1xAqECZHcAZeNTjoslUqBaPJIG5F+eJmwA root@ubuntu-xenial (RSA)
<14>Aug 20 18:06:58 ec2: -----END SSH HOST KEY FINGERPRINTS-----
<14>Aug 20 18:06:58 ec2: #############################################################
-----BEGIN SSH HOST KEY KEYS-----
ecdsa-sha2-nistp256 AAAAE2VjZHNhLXNoYTItbmlzdHAyNTYAAAAIbmlzdHAyNTYAAABBBIb8LKKC8MjM+rbtkB3WQ6G5ZG+YpV0iwUFkeKhAbHhsjb5hSQO1Haw96xxOKxg397CYHxLfdCAr0h+hAXeTVUg= root@ubuntu-xenial
ssh-ed25519 AAAAC3NzaC1lZDI1NTE5AAAAIJ++jYSzUZeqsMxe3kkX1xxjS3vmccSZ1XKy6SO/ZR0w root@ubuntu-xenial
ssh-rsa AAAAB3NzaC1yc2EAAAADAQABAAABAQDB9G6/pqdkD4lIEejz8GTTX+owoTnQ2tXs74it3N/Za+oo6S2Nl9vQDtKLGBvWutQhotJQ6g4aR14kqivezWojDnvo3RIz4v7z1Kr0uIwsgrLbJWk7N2K9J6h5oMAEI4LbZWBza4o1NzvlT5oOJRVbaejLuqey4HlaXeryEo5y2hJoGo98MtVDJgWP0tUyEgsHCWhZ7DgUi35MBrC+p018OkxHlRhoHjwDw6etV4MD3J/3bD+gTw51hiPR9pCYMVTxgGuVksn15zvmtxvyqITI1PA589XqmTzGH5Dd5pvSW1LGXrp543ajQmKOvip5q5okGaLIFHsNno34E+5cmEd1 root@ubuntu-xenial
-----END SSH HOST KEY KEYS-----
[   10.970959] cloud-init[1342]: Cloud-init v. 19.1-1-gbaa47854-0ubuntu1~16.04.1 running 'modules:final' at Tue, 20 Aug 2019 18:06:58 +0000. Up 10.86 seconds.
[   10.973134] cloud-init[1342]: ci-info: no authorized ssh keys fingerprints found for user ubuntu.
[   10.974879] cloud-init[1342]: Cloud-init v. 19.1-1-gbaa47854-0ubuntu1~16.04.1 finished at Tue, 20 Aug 2019 18:06:58 +0000. Datasource DataSourceNoCloud [seed=/dev/sdb][dsmode=net].  Up 10.96 seconds
[[0;32m  OK  [0m] Started Execute cloud user/final scripts.
[[0;32m  OK  [0m] Reached target Cloud-init target.


Ubuntu 16.04.6 LTS ubuntu-xenial ttyS0

ubuntu-xenial login: 